<?xml version="1.0" encoding="UTF-8"?>
<!-- Generated by org.testng.reporters.JUnitReportReporter -->
<testsuite hostname="DESKTOP-VGL07N4" failures="0" tests="3" name="OrangeHRM.LoginTestOrange" time="58.627" errors="0" timestamp="2023-05-08T20:45:28 MDT" skipped="0">
  <testcase classname="OrangeHRM.LoginTestOrange" name="validCred" time="16.876"/>
  <system-out/>
  <testcase classname="OrangeHRM.LoginTestOrange" name="InavlidCeredentials" time="27.204"/>
  <system-out/>
  <testcase classname="OrangeHRM.LoginTestOrange" name="noCred" time="14.547"/>
  <system-out/>
</testsuite> <!-- OrangeHRM.LoginTestOrange -->
