<?xml version="1.0" encoding="UTF-8"?>
<!-- Generated by org.testng.reporters.JUnitReportReporter -->
<testsuite hostname="DESKTOP-8M27IT2" failures="0" tests="8" name="tutorialsNinja.LoginTest" time="128.139" errors="0" timestamp="2023-05-21T18:00:51 EDT" skipped="0">
  <testcase classname="tutorialsNinja.LoginTest" name="testLoginWithInvalidCredentials" time="13.115"/>
  <system-out/>
  <testcase classname="tutorialsNinja.LoginTest" name="verifyLoginWithInvalidPassword" time="13.983"/>
  <system-out/>
  <testcase classname="tutorialsNinja.LoginTest" name="checkPasswordVisibility" time="13.073"/>
  <system-out/>
  <testcase classname="tutorialsNinja.LoginTest" name="verifyLoginWithInvalidEmailAddress" time="14.018"/>
  <system-out/>
  <testcase classname="tutorialsNinja.LoginTest" name="testLoginFieldsPlaceholders" time="24.089"/>
  <system-out/>
  <testcase classname="tutorialsNinja.LoginTest" name="verifyLoginWithNoInputs" time="15.193"/>
  <system-out/>
  <testcase classname="tutorialsNinja.LoginTest" name="testLoginWithValidInputs" time="16.912"/>
  <system-out/>
  <testcase classname="tutorialsNinja.LoginTest" name="verifyTheNumberOfUnsuccessfulLoginAttempts" time="17.756"/>
  <system-out/>
</testsuite> <!-- tutorialsNinja.LoginTest -->
