<?xml version="1.0" encoding="UTF-8"?>
<!-- Generated by org.testng.reporters.JUnitReportReporter -->
<testsuite hostname="DESKTOP-8M27IT2" failures="0" tests="5" name="tutorialsNinja.ForgottenPasswordTest" time="36.206" errors="0" timestamp="2023-05-19T22:57:09 EDT" skipped="0">
  <testcase classname="tutorialsNinja.ForgottenPasswordTest" name="resetPasswordWithoutEmail" time="7.262"/>
  <system-out/>
  <testcase classname="tutorialsNinja.ForgottenPasswordTest" name="resetPassForNonRegistredUsers" time="6.807"/>
  <system-out/>
  <testcase classname="tutorialsNinja.ForgottenPasswordTest" name="verifyLgnPgeAftrBackBtnClkOnFrgtPaswrd" time="7.860"/>
  <system-out/>
  <testcase classname="tutorialsNinja.ForgottenPasswordTest" name="verifyIfuserNavigatesToTheForgotPasswordPage" time="7.491"/>
  <system-out/>
  <testcase classname="tutorialsNinja.ForgottenPasswordTest" name="verifyThePlaceHoldText" time="6.786"/>
  <system-out/>
</testsuite> <!-- tutorialsNinja.ForgottenPasswordTest -->
