<?xml version="1.0" encoding="UTF-8"?>
<!-- Generated by org.testng.reporters.JUnitReportReporter -->
<testsuite hostname="DESKTOP-8M27IT2" failures="0" tests="8" name="tutorialsNinja.LoginTest" time="66.126" errors="0" timestamp="2023-05-19T22:57:09 EDT" skipped="0">
  <testcase classname="tutorialsNinja.LoginTest" name="verifyLoginWithInvalidPassword" time="6.758"/>
  <system-out/>
  <testcase classname="tutorialsNinja.LoginTest" name="testLoginWithValidInputs" time="11.872"/>
  <system-out/>
  <testcase classname="tutorialsNinja.LoginTest" name="checkPasswordVisibility" time="13.916"/>
  <system-out/>
  <testcase classname="tutorialsNinja.LoginTest" name="testLoginWithInvalidCredentials" time="6.538"/>
  <system-out/>
  <testcase classname="tutorialsNinja.LoginTest" name="verifyLoginWithNoInputs" time="6.364"/>
  <system-out/>
  <testcase classname="tutorialsNinja.LoginTest" name="verifyTheNumberOfUnsuccessfulLoginAttempts" time="8.011"/>
  <system-out/>
  <testcase classname="tutorialsNinja.LoginTest" name="verifyLoginWithInvalidEmailAddress" time="6.813"/>
  <system-out/>
  <testcase classname="tutorialsNinja.LoginTest" name="testLoginFieldsPlaceholders" time="5.854"/>
  <system-out/>
</testsuite> <!-- tutorialsNinja.LoginTest -->
