<?xml version="1.0" encoding="UTF-8"?>
<!-- Generated by org.testng.reporters.JUnitReportReporter -->
<testsuite hostname="LAPTOP-PEINJOCF" failures="0" tests="7" name="nopCommerce.RegisterNewUser" time="87.108" errors="0" timestamp="2023-05-30T20:00:11 EDT" skipped="0">
  <testcase classname="nopCommerce.RegisterNewUser" name="registerUserWithEmptyDetails" time="9.333"/>
  <system-out/>
  <testcase classname="nopCommerce.RegisterNewUser" name="registerUserWithoutEmail" time="14.190"/>
  <system-out/>
  <testcase classname="nopCommerce.RegisterNewUser" name="registerUserWithoutPassword" time="10.748"/>
  <system-out/>
  <testcase classname="nopCommerce.RegisterNewUser" name="registerUserWithoutCompanyDetails" time="10.340"/>
  <system-out/>
  <testcase classname="nopCommerce.RegisterNewUser" name="registerUserWithoutLastName" time="10.214"/>
  <system-out/>
  <testcase classname="nopCommerce.RegisterNewUser" name="registerUserWithoutFirstName" time="11.416"/>
  <system-out/>
  <testcase classname="nopCommerce.RegisterNewUser" name="registerUserWithAllDetails" time="20.867"/>
  <system-out/>
</testsuite> <!-- nopCommerce.RegisterNewUser -->
