<?xml version="1.0" encoding="UTF-8"?>
<!-- Generated by org.testng.reporters.JUnitReportReporter -->
<testsuite hostname="DESKTOP-8M27IT2" failures="0" tests="5" name="tutorialsNinja.ForgottenPasswordTest" time="61.388" errors="0" timestamp="2023-05-21T18:00:51 EDT" skipped="0">
  <testcase classname="tutorialsNinja.ForgottenPasswordTest" name="verifyLgnPgeAftrBackBtnClkOnFrgtPaswrd" time="9.969"/>
  <system-out/>
  <testcase classname="tutorialsNinja.ForgottenPasswordTest" name="resetPassForNonRegistredUsers" time="14.484"/>
  <system-out/>
  <testcase classname="tutorialsNinja.ForgottenPasswordTest" name="resetPasswordWithoutEmail" time="14.759"/>
  <system-out/>
  <testcase classname="tutorialsNinja.ForgottenPasswordTest" name="verifyIfuserNavigatesToTheForgotPasswordPage" time="12.496"/>
  <system-out/>
  <testcase classname="tutorialsNinja.ForgottenPasswordTest" name="verifyThePlaceHoldText" time="9.680"/>
  <system-out/>
</testsuite> <!-- tutorialsNinja.ForgottenPasswordTest -->
