<?xml version="1.0" encoding="UTF-8"?>
<!-- Generated by org.testng.reporters.JUnitReportReporter -->
<testsuite hostname="DESKTOP-8M27IT2" failures="0" tests="12" name="tutorialsNinja.LoginTest" time="128.673" errors="0" timestamp="2023-05-22T00:07:34 EDT" skipped="0">
  <testcase classname="tutorialsNinja.LoginTest" name="testLoginWithCredentials" time="8.643"/>
  <system-out/>
  <testcase classname="tutorialsNinja.LoginTest" name="testLoginWithCredentials" time="8.496"/>
  <system-out/>
  <testcase classname="tutorialsNinja.LoginTest" name="testLoginWithCredentials" time="10.578"/>
  <system-out/>
  <testcase classname="tutorialsNinja.LoginTest" name="testLoginWithCredentials" time="9.766"/>
  <system-out/>
  <testcase classname="tutorialsNinja.LoginTest" name="testLoginWithCredentials" time="9.626"/>
  <system-out/>
  <testcase classname="tutorialsNinja.LoginTest" name="verifyTheNumberOfUnsuccessfulLoginAttempts" time="10.348"/>
  <system-out/>
  <testcase classname="tutorialsNinja.LoginTest" name="checkPasswordVisibility" time="8.131"/>
  <system-out/>
  <testcase classname="tutorialsNinja.LoginTest" name="testLoginFieldsPlaceholders" time="7.761"/>
  <system-out/>
  <testcase classname="tutorialsNinja.LoginTest" name="verifyLoginWithNoInputs" time="9.539"/>
  <system-out/>
  <testcase classname="tutorialsNinja.LoginTest" name="verifyLoginWithInvalidPassword" time="9.568"/>
  <system-out/>
  <testcase classname="tutorialsNinja.LoginTest" name="verifyLoginWithInvalidEmailAddress" time="9.244"/>
  <system-out/>
  <testcase classname="tutorialsNinja.LoginTest" name="testLoginWithInvalidCredentials" time="26.973"/>
  <system-out/>
</testsuite> <!-- tutorialsNinja.LoginTest -->
