<?xml version="1.0" encoding="UTF-8"?>
<!-- Generated by org.testng.reporters.JUnitReportReporter -->
<testsuite hostname="DESKTOP-VGL07N4" failures="0" tests="1" name="orangeHRM.AdminSection" time="20.121" errors="0" timestamp="2023-05-30T20:44:39 MDT" skipped="0">
  <testcase classname="orangeHRM.AdminSection" name="DeleteSkillInQualification" time="20.121"/>
  <system-out/>
</testsuite> <!-- orangeHRM.AdminSection -->
