<?xml version="1.0" encoding="UTF-8"?>
<!-- Generated by org.testng.reporters.JUnitReportReporter -->
<testsuite hostname="DESKTOP-8M27IT2" failures="0" tests="8" name="tutorialsNinja.LoginTest" time="109.285" errors="0" timestamp="2023-05-20T23:13:25 EDT" skipped="0">
  <testcase classname="tutorialsNinja.LoginTest" name="verifyTheNumberOfUnsuccessfulLoginAttempts" time="11.142"/>
  <system-out/>
  <testcase classname="tutorialsNinja.LoginTest" name="testLoginFieldsPlaceholders" time="9.410"/>
  <system-out/>
  <testcase classname="tutorialsNinja.LoginTest" name="verifyLoginWithInvalidPassword" time="29.243"/>
  <system-out/>
  <testcase classname="tutorialsNinja.LoginTest" name="testLoginWithInvalidCredentials" time="9.982"/>
  <system-out/>
  <testcase classname="tutorialsNinja.LoginTest" name="testLoginWithValidInputs" time="14.951"/>
  <system-out/>
  <testcase classname="tutorialsNinja.LoginTest" name="verifyLoginWithInvalidEmailAddress" time="10.253"/>
  <system-out/>
  <testcase classname="tutorialsNinja.LoginTest" name="verifyLoginWithNoInputs" time="12.545"/>
  <system-out/>
  <testcase classname="tutorialsNinja.LoginTest" name="checkPasswordVisibility" time="11.759"/>
  <system-out/>
</testsuite> <!-- tutorialsNinja.LoginTest -->
