<?xml version="1.0" encoding="UTF-8"?>
<!-- Generated by org.testng.reporters.JUnitReportReporter -->
<testsuite hostname="DESKTOP-8M27IT2" failures="0" tests="1" name="tutorialsNinja.ChangePasswordTest" time="9.588" errors="0" timestamp="2023-05-27T00:45:04 EDT" skipped="0">
  <testcase classname="tutorialsNinja.ChangePasswordTest" name="verifyChangingPassword" time="9.588"/>
  <system-out/>
</testsuite> <!-- tutorialsNinja.ChangePasswordTest -->
