<?xml version="1.0" encoding="UTF-8"?>
<!-- Generated by org.testng.reporters.JUnitReportReporter -->
<testsuite hostname="DESKTOP-8M27IT2" failures="0" tests="1" name="tutorialsNinja.WishListTest" time="15.849" errors="0" timestamp="2023-05-27T21:52:25 EDT" skipped="0">
  <testcase classname="tutorialsNinja.WishListTest" name="addItmsTWhshLstWthtLogin" time="15.849"/>
  <system-out/>
</testsuite> <!-- tutorialsNinja.WishListTest -->
