<?xml version="1.0" encoding="UTF-8"?>
<!-- Generated by org.testng.reporters.JUnitReportReporter -->
<testsuite hostname="DESKTOP-8M27IT2" failures="0" tests="6" name="tutorialsNinja.AddToCartTest" time="112.538" errors="0" timestamp="2023-05-27T21:52:25 EDT" skipped="0">
  <testcase classname="tutorialsNinja.AddToCartTest" name="VerifyRemoveAnItemFromCartWhnOnePrdctAdded" time="15.126"/>
  <system-out/>
  <testcase classname="tutorialsNinja.AddToCartTest" name="verifyUpdateAnItem" time="21.224"/>
  <system-out/>
  <testcase classname="tutorialsNinja.AddToCartTest" name="verifyPrdctUpdtQunt" time="18.781"/>
  <system-out/>
  <testcase classname="tutorialsNinja.AddToCartTest" name="verifyPrdctUpdtQunt" time="20.022"/>
  <system-out/>
  <testcase classname="tutorialsNinja.AddToCartTest" name="verifyPrdctUpdtQunt" time="20.605"/>
  <system-out/>
  <testcase classname="tutorialsNinja.AddToCartTest" name="addPrdctsFrmPrdctCmprsnHmPge" time="16.780"/>
  <system-out/>
</testsuite> <!-- tutorialsNinja.AddToCartTest -->
