<?xml version="1.0" encoding="UTF-8"?>
<!-- Generated by org.testng.reporters.JUnitReportReporter -->
<testsuite hostname="DESKTOP-8M27IT2" failures="0" tests="2" name="tutorialsNinja.WishListTest" time="31.951" errors="0" timestamp="2023-05-30T16:38:14 EDT" skipped="0">
  <testcase classname="tutorialsNinja.WishListTest" name="vrfyaddItmsTWshListfrmThShppngCrt" time="15.741"/>
  <system-out/>
  <testcase classname="tutorialsNinja.WishListTest" name="addItmsTWhshLstWthtLogin" time="16.210"/>
  <system-out/>
</testsuite> <!-- tutorialsNinja.WishListTest -->
