<?xml version="1.0" encoding="UTF-8"?>
<!-- Generated by org.testng.reporters.JUnitReportReporter -->
<testsuite hostname="DESKTOP-VGL07N4" failures="0" tests="1" name="orangeHRM.LogOutTest" time="24.141" errors="0" timestamp="2023-05-08T20:45:28 MDT" skipped="0">
  <testcase classname="orangeHRM.LogOutTest" name="logout" time="24.141"/>
  <system-out/>
</testsuite> <!-- orangeHRM.LogOutTest -->
