<?xml version="1.0" encoding="UTF-8"?>
<!-- Generated by org.testng.reporters.JUnitReportReporter -->
<testsuite hostname="DESKTOP-VGL07N4" failures="0" tests="3" name="Fazia.LoginTest2" time="38.991" errors="0" timestamp="2023-05-08T13:37:27 MDT" skipped="0">
  <testcase classname="Fazia.LoginTest2" name="validCred" time="12.320"/>
  <system-out/>
  <testcase classname="Fazia.LoginTest2" name="InavlidCeredentials" time="14.463"/>
  <system-out/>
  <testcase classname="Fazia.LoginTest2" name="noCred" time="12.208"/>
  <system-out/>
</testsuite> <!-- Fazia.LoginTest2 -->
