<?xml version="1.0" encoding="UTF-8"?>
<!-- Generated by org.testng.reporters.JUnitReportReporter -->
<testsuite hostname="DESKTOP-VGL07N4" failures="0" tests="1" name="Fazia.LoginTest2" time="14.416" errors="0" timestamp="2023-05-07T16:30:31 MDT" skipped="0">
  <testcase classname="Fazia.LoginTest2" name="validCerd" time="14.416"/>
  <system-out/>
</testsuite> <!-- Fazia.LoginTest2 -->
