<?xml version="1.0" encoding="UTF-8"?>
<!-- Generated by org.testng.reporters.JUnitReportReporter -->
<testsuite hostname="DESKTOP-8M27IT2" failures="0" tests="6" name="tutorialsNinja.ForgottenPasswordTest" time="52.527" errors="0" timestamp="2023-05-23T18:16:38 EDT" skipped="0">
  <testcase classname="tutorialsNinja.ForgottenPasswordTest" name="verifyUserNavigatesToTheForgotPasswordPage" time="7.547"/>
  <system-out/>
  <testcase classname="tutorialsNinja.ForgottenPasswordTest" name="verifyLgnPgeAftrBackBtnClkOnFrgtPaswrd" time="8.214"/>
  <system-out/>
  <testcase classname="tutorialsNinja.ForgottenPasswordTest" name="resetPassForNonRegistredUsers" time="10.985"/>
  <system-out/>
  <testcase classname="tutorialsNinja.ForgottenPasswordTest" name="resetPasswordWithoutEmail" time="10.435"/>
  <system-out/>
  <testcase classname="tutorialsNinja.ForgottenPasswordTest" name="verifyThePlaceHoldText" time="7.843"/>
  <system-out/>
  <testcase classname="tutorialsNinja.ForgottenPasswordTest" name="verifyForgottenPasswordPageUI" time="7.503"/>
  <system-out/>
</testsuite> <!-- tutorialsNinja.ForgottenPasswordTest -->
