<?xml version="1.0" encoding="UTF-8"?>
<!-- Generated by org.testng.reporters.JUnitReportReporter -->
<testsuite hostname="DESKTOP-8M27IT2" failures="0" tests="1" name="tutorialsNinja.RegisterTest" time="22.097" errors="0" timestamp="2023-05-30T01:48:36 EDT" skipped="0">
  <testcase classname="tutorialsNinja.RegisterTest" name="rgstrWthDffrntCnfrmtnPswrd" time="22.097"/>
  <system-out/>
</testsuite> <!-- tutorialsNinja.RegisterTest -->
