<?xml version="1.0" encoding="UTF-8"?>
<!-- Generated by org.testng.reporters.JUnitReportReporter -->
<testsuite hostname="DESKTOP-8M27IT2" failures="0" tests="5" name="tutorialsNinja.CheckoutTest" time="71.959" errors="0" timestamp="2023-05-27T21:52:25 EDT" skipped="0">
  <testcase classname="tutorialsNinja.CheckoutTest" name="verfyUsrNvgtChcktHmPge" time="10.350"/>
  <system-out/>
  <testcase classname="tutorialsNinja.CheckoutTest" name="verifyUserNavigateToCheckoutHomePgeWthNoPrdcts" time="7.857"/>
  <system-out/>
  <testcase classname="tutorialsNinja.CheckoutTest" name="verifyCouponfonctionality" time="15.866"/>
  <system-out/>
  <testcase classname="tutorialsNinja.CheckoutTest" name="verifyCouponfonctionality" time="17.868"/>
  <system-out/>
  <testcase classname="tutorialsNinja.CheckoutTest" name="verifycouponFieldPlaceHolder" time="20.018"/>
  <system-out/>
</testsuite> <!-- tutorialsNinja.CheckoutTest -->
