<?xml version="1.0" encoding="UTF-8"?>
<!-- Generated by org.testng.reporters.JUnitReportReporter -->
<testsuite hostname="DESKTOP-8M27IT2" failures="0" tests="5" name="tutorialsNinja.ForgottenPasswordTest" time="50.056" errors="0" timestamp="2023-05-20T23:13:25 EDT" skipped="0">
  <testcase classname="tutorialsNinja.ForgottenPasswordTest" name="verifyThePlaceHoldText" time="9.805"/>
  <system-out/>
  <testcase classname="tutorialsNinja.ForgottenPasswordTest" name="resetPasswordWithoutEmail" time="10.029"/>
  <system-out/>
  <testcase classname="tutorialsNinja.ForgottenPasswordTest" name="resetPassForNonRegistredUsers" time="10.182"/>
  <system-out/>
  <testcase classname="tutorialsNinja.ForgottenPasswordTest" name="verifyIfuserNavigatesToTheForgotPasswordPage" time="9.752"/>
  <system-out/>
  <testcase classname="tutorialsNinja.ForgottenPasswordTest" name="verifyLgnPgeAftrBackBtnClkOnFrgtPaswrd" time="10.288"/>
  <system-out/>
</testsuite> <!-- tutorialsNinja.ForgottenPasswordTest -->
