<?xml version="1.0" encoding="UTF-8"?>
<!-- Generated by org.testng.reporters.JUnitReportReporter -->
<testsuite hostname="DESKTOP-8M27IT2" failures="0" tests="4" name="tutorialsNinja.CheckoutTest" time="61.342" errors="0" timestamp="2023-05-26T12:44:17 EDT" skipped="0">
  <testcase classname="tutorialsNinja.CheckoutTest" name="verifyUserNavigateToCheckoutHomePge" time="9.809"/>
  <system-out/>
  <testcase classname="tutorialsNinja.CheckoutTest" name="verifyCouponfonctionality" time="20.044"/>
  <system-out/>
  <testcase classname="tutorialsNinja.CheckoutTest" name="verifyCouponfonctionality" time="17.217"/>
  <system-out/>
  <testcase classname="tutorialsNinja.CheckoutTest" name="verifycouponFieldPlaceHolder" time="14.272"/>
  <system-out/>
</testsuite> <!-- tutorialsNinja.CheckoutTest -->
