<?xml version="1.0" encoding="UTF-8"?>
<!-- Generated by org.testng.reporters.JUnitReportReporter -->
<testsuite hostname="DESKTOP-8M27IT2" failures="1" tests="8" name="tutorialsNinja.LoginTest" time="67.968" errors="0" timestamp="2023-05-22T21:48:32 EDT" skipped="0">
  <testcase classname="tutorialsNinja.LoginTest" name="testLoginWithCredentials" time="8.607"/>
  <system-out/>
  <testcase classname="tutorialsNinja.LoginTest" name="testLoginWithCredentials" time="7.521"/>
  <system-out/>
  <testcase classname="tutorialsNinja.LoginTest" name="testLoginWithCredentials" time="8.330"/>
  <system-out/>
  <testcase classname="tutorialsNinja.LoginTest" name="testLoginWithCredentials" time="8.862"/>
  <system-out/>
  <testcase classname="tutorialsNinja.LoginTest" name="testLoginWithCredentials" time="8.572"/>
  <system-out/>
  <testcase classname="tutorialsNinja.LoginTest" name="verifyTheNumberOfUnsuccessfulLoginAttempts" time="8.963"/>
  <system-out/>
  <testcase classname="tutorialsNinja.LoginTest" name="checkPasswordVisibility" time="9.823">
    <failure message="Password is visible to the page source expected [true] but found [false]" type="java.lang.AssertionError">
      <![CDATA[java.lang.AssertionError: Password is visible to the page source expected [true] but found [false]
at org.testng.Assert.fail(Assert.java:110)
at org.testng.Assert.failNotEquals(Assert.java:1577)
at org.testng.Assert.assertTrue(Assert.java:56)
at tutorialsNinja.LoginTest.checkPasswordVisibility(LoginTest.java:101)
at java.base/jdk.internal.reflect.DirectMethodHandleAccessor.invoke(DirectMethodHandleAccessor.java:104)
at java.base/java.lang.reflect.Method.invoke(Method.java:578)
at org.testng.internal.invokers.MethodInvocationHelper.invokeMethod(MethodInvocationHelper.java:139)
at org.testng.internal.invokers.TestInvoker.invokeMethod(TestInvoker.java:677)
at org.testng.internal.invokers.TestInvoker.invokeTestMethod(TestInvoker.java:221)
at org.testng.internal.invokers.MethodRunner.runInSequence(MethodRunner.java:50)
at org.testng.internal.invokers.TestInvoker$MethodInvocationAgent.invoke(TestInvoker.java:969)
at org.testng.internal.invokers.TestInvoker.invokeTestMethods(TestInvoker.java:194)
at org.testng.internal.invokers.TestMethodWorker.invokeTestMethods(TestMethodWorker.java:148)
at org.testng.internal.invokers.TestMethodWorker.run(TestMethodWorker.java:128)
at java.base/java.util.ArrayList.forEach(ArrayList.java:1511)
at org.testng.TestRunner.privateRun(TestRunner.java:829)
at org.testng.TestRunner.run(TestRunner.java:602)
at org.testng.SuiteRunner.runTest(SuiteRunner.java:437)
at org.testng.SuiteRunner.runSequentially(SuiteRunner.java:431)
at org.testng.SuiteRunner.privateRun(SuiteRunner.java:391)
at org.testng.SuiteRunner.run(SuiteRunner.java:330)
at org.testng.SuiteRunnerWorker.runSuite(SuiteRunnerWorker.java:52)
at org.testng.SuiteRunnerWorker.run(SuiteRunnerWorker.java:95)
at org.testng.TestNG.runSuitesSequentially(TestNG.java:1256)
at org.testng.TestNG.runSuitesLocally(TestNG.java:1176)
at org.testng.TestNG.runSuites(TestNG.java:1099)
at org.testng.TestNG.run(TestNG.java:1067)
at com.intellij.rt.testng.IDEARemoteTestNG.run(IDEARemoteTestNG.java:66)
at com.intellij.rt.testng.RemoteTestNGStarter.main(RemoteTestNGStarter.java:105)
]]>
    </failure>
  </testcase> <!-- checkPasswordVisibility -->
  <system-out/>
  <testcase classname="tutorialsNinja.LoginTest" name="testLoginFieldsPlaceholders" time="7.290"/>
  <system-out/>
</testsuite> <!-- tutorialsNinja.LoginTest -->
