<?xml version="1.0" encoding="UTF-8"?>
<!-- Generated by org.testng.reporters.JUnitReportReporter -->
<testsuite hostname="LAPTOP-PEINJOCF" failures="0" tests="1" name="nopCommerce.LoginTest" time="17.495" errors="0" timestamp="2023-05-30T20:00:11 EDT" skipped="0">
  <testcase classname="nopCommerce.LoginTest" name="validCredential" time="17.495"/>
  <system-out/>
</testsuite> <!-- nopCommerce.LoginTest -->
