<?xml version="1.0" encoding="UTF-8"?>
<!-- Generated by org.testng.reporters.JUnitReportReporter -->
<testsuite hostname="DESKTOP-8M27IT2" failures="0" tests="6" name="tutorialsNinja.ForgottenPasswordTest" time="93.800" errors="0" timestamp="2023-05-27T21:52:25 EDT" skipped="0">
  <testcase classname="tutorialsNinja.ForgottenPasswordTest" name="verifyUserNavigatingToTheForgotPasswordPage" time="14.327"/>
  <system-out/>
  <testcase classname="tutorialsNinja.ForgottenPasswordTest" name="verifyLgnPgeAftrBackBtnClkOnFrgtPaswrd" time="15.275"/>
  <system-out/>
  <testcase classname="tutorialsNinja.ForgottenPasswordTest" name="resetPassForNonRegistredUsers" time="19.338"/>
  <system-out/>
  <testcase classname="tutorialsNinja.ForgottenPasswordTest" name="resetPasswordWithoutEmail" time="13.383"/>
  <system-out/>
  <testcase classname="tutorialsNinja.ForgottenPasswordTest" name="verifyThePlaceHoldTextEmailAddress" time="14.505"/>
  <system-out/>
  <testcase classname="tutorialsNinja.ForgottenPasswordTest" name="verifyForgottenPasswordPageUI" time="16.972"/>
  <system-out/>
</testsuite> <!-- tutorialsNinja.ForgottenPasswordTest -->
