<?xml version="1.0" encoding="UTF-8"?>
<!-- Generated by org.testng.reporters.JUnitReportReporter -->
<testsuite hostname="DESKTOP-VGL07N4" failures="0" tests="4" name="orangeHRM.BuzzSection" time="153.722" errors="0" timestamp="2023-05-30T21:46:31 MDT" skipped="0">
  <testcase classname="orangeHRM.BuzzSection" name="sharePost" time="36.693"/>
  <system-out/>
  <testcase classname="orangeHRM.BuzzSection" name="editSharedPost" time="53.117"/>
  <system-out/>
  <testcase classname="orangeHRM.BuzzSection" name="DeletePost" time="36.380"/>
  <system-out/>
  <testcase classname="orangeHRM.BuzzSection" name="addCommentAndLike" time="27.532"/>
  <system-out/>
</testsuite> <!-- orangeHRM.BuzzSection -->
