<?xml version="1.0" encoding="UTF-8"?>
<!-- Generated by org.testng.reporters.JUnitReportReporter -->
<testsuite hostname="DESKTOP-8M27IT2" failures="0" tests="8" name="tutorialsNinja.AddToCartTest" time="115.127" errors="0" timestamp="2023-05-26T12:44:17 EDT" skipped="0">
  <testcase classname="tutorialsNinja.AddToCartTest" name="verifyUserNavigateTShoppingCartHmPge" time="19.969"/>
  <system-out/>
  <testcase classname="tutorialsNinja.AddToCartTest" name="verifyAddingItemToCart" time="11.048"/>
  <system-out/>
  <testcase classname="tutorialsNinja.AddToCartTest" name="VerifyRemoveAnItemFromCart" time="14.738"/>
  <system-out/>
  <testcase classname="tutorialsNinja.AddToCartTest" name="verifyUpdateAnItem" time="13.017"/>
  <system-out/>
  <testcase classname="tutorialsNinja.AddToCartTest" name="verifyPrdctUpdtQunt" time="12.763"/>
  <system-out/>
  <testcase classname="tutorialsNinja.AddToCartTest" name="verifyPrdctUpdtQunt" time="12.714"/>
  <system-out/>
  <testcase classname="tutorialsNinja.AddToCartTest" name="verifyPrdctUpdtQunt" time="13.625"/>
  <system-out/>
  <testcase classname="tutorialsNinja.AddToCartTest" name="verifyAddingDuplicatePrdctsTCrt" time="17.253"/>
  <system-out/>
</testsuite> <!-- tutorialsNinja.AddToCartTest -->
